[0.190s] DEBUG:colcon:Command line arguments: ['/usr/bin/colcon', 'build']
[0.190s] DEBUG:colcon:Parsed command line arguments: Namespace(log_base=None, log_level=None, verb_name='build', build_base='build', install_base='install', merge_install=False, symlink_install=False, test_result_base=None, continue_on_error=False, executor='parallel', parallel_workers=8, event_handlers=None, ignore_user_meta=False, metas=['./colcon.meta'], base_paths=['.'], packages_ignore=None, packages_ignore_regex=None, paths=None, packages_up_to=None, packages_up_to_regex=None, packages_above=None, packages_above_and_dependencies=None, packages_above_depth=None, packages_select_by_dep=None, packages_skip_by_dep=None, packages_skip_up_to=None, packages_select_build_failed=False, packages_skip_build_finished=False, packages_select_test_failures=False, packages_skip_test_passed=False, packages_select=None, packages_skip=None, packages_select_regex=None, packages_skip_regex=None, packages_start=None, packages_end=None, allow_overriding=[], cmake_args=None, cmake_target=None, cmake_target_skip_unavailable=False, cmake_clean_cache=False, cmake_clean_first=False, cmake_force_configure=False, ament_cmake_args=None, catkin_cmake_args=None, catkin_skip_building_tests=False, verb_parser=<colcon_defaults.argument_parser.defaults.DefaultArgumentsDecorator object at 0xffffbb2cbe20>, verb_extension=<colcon_core.verb.build.BuildVerb object at 0xffffbb530a30>, main=<bound method BuildVerb.main of <colcon_core.verb.build.BuildVerb object at 0xffffbb530a30>>)
[0.503s] Level 1:colcon.colcon_core.package_discovery:discover_packages(colcon_meta) check parameters
[0.503s] Level 1:colcon.colcon_core.package_discovery:discover_packages(recursive) check parameters
[0.503s] Level 1:colcon.colcon_core.package_discovery:discover_packages(ignore) check parameters
[0.503s] Level 1:colcon.colcon_core.package_discovery:discover_packages(path) check parameters
[0.503s] Level 1:colcon.colcon_core.package_discovery:discover_packages(colcon_meta) discover
[0.503s] Level 1:colcon.colcon_core.package_discovery:discover_packages(recursive) discover
[0.503s] INFO:colcon.colcon_core.package_discovery:Crawling recursively for packages in '/home/bx-orin/cam_driver_ws/DEV/ros2_camera_driver/h264_camera_driver_ros2'
[0.504s] Level 1:colcon.colcon_core.package_identification:_identify(.) by extensions ['ignore', 'ignore_ament_install']
[0.504s] Level 1:colcon.colcon_core.package_identification:_identify(.) by extension 'ignore'
[0.504s] Level 1:colcon.colcon_core.package_identification:_identify(.) by extension 'ignore_ament_install'
[0.504s] Level 1:colcon.colcon_core.package_identification:_identify(.) by extensions ['colcon_pkg']
[0.504s] Level 1:colcon.colcon_core.package_identification:_identify(.) by extension 'colcon_pkg'
[0.504s] Level 1:colcon.colcon_core.package_identification:_identify(.) by extensions ['colcon_meta']
[0.504s] Level 1:colcon.colcon_core.package_identification:_identify(.) by extension 'colcon_meta'
[0.505s] Level 1:colcon.colcon_core.package_identification:_identify(.) by extensions ['ros']
[0.505s] Level 1:colcon.colcon_core.package_identification:_identify(.) by extension 'ros'
[0.529s] DEBUG:colcon.colcon_core.package_identification:Package '.' with type 'ros.ament_cmake' and name 'fake_camera_driver'
[0.529s] Level 1:colcon.colcon_core.package_discovery:discover_packages(recursive) using defaults
[0.529s] Level 1:colcon.colcon_core.package_discovery:discover_packages(ignore) discover
[0.529s] Level 1:colcon.colcon_core.package_discovery:discover_packages(ignore) using defaults
[0.529s] Level 1:colcon.colcon_core.package_discovery:discover_packages(path) discover
[0.529s] Level 1:colcon.colcon_core.package_discovery:discover_packages(path) using defaults
[0.596s] Level 1:colcon.colcon_core.package_discovery:discover_packages(prefix_path) check parameters
[0.596s] Level 1:colcon.colcon_core.package_discovery:discover_packages(prefix_path) discover
[0.600s] DEBUG:colcon.colcon_installed_package_information.package_discovery:Found 1 installed packages in /home/bx-orin/cam_driver_ws/DEV/ros2_camera_driver/h264_camera_driver_ros2/install
[0.602s] DEBUG:colcon.colcon_installed_package_information.package_discovery:Found 271 installed packages in /opt/ros/humble
[0.604s] Level 1:colcon.colcon_core.package_discovery:discover_packages(prefix_path) using defaults
[0.671s] Level 5:colcon.colcon_core.verb:set package 'fake_camera_driver' build argument 'cmake_args' from command line to 'None'
[0.671s] Level 5:colcon.colcon_core.verb:set package 'fake_camera_driver' build argument 'cmake_target' from command line to 'None'
[0.671s] Level 5:colcon.colcon_core.verb:set package 'fake_camera_driver' build argument 'cmake_target_skip_unavailable' from command line to 'False'
[0.671s] Level 5:colcon.colcon_core.verb:set package 'fake_camera_driver' build argument 'cmake_clean_cache' from command line to 'False'
[0.671s] Level 5:colcon.colcon_core.verb:set package 'fake_camera_driver' build argument 'cmake_clean_first' from command line to 'False'
[0.672s] Level 5:colcon.colcon_core.verb:set package 'fake_camera_driver' build argument 'cmake_force_configure' from command line to 'False'
[0.672s] Level 5:colcon.colcon_core.verb:set package 'fake_camera_driver' build argument 'ament_cmake_args' from command line to 'None'
[0.672s] Level 5:colcon.colcon_core.verb:set package 'fake_camera_driver' build argument 'catkin_cmake_args' from command line to 'None'
[0.672s] Level 5:colcon.colcon_core.verb:set package 'fake_camera_driver' build argument 'catkin_skip_building_tests' from command line to 'False'
[0.672s] DEBUG:colcon.colcon_core.verb:Building package 'fake_camera_driver' with the following arguments: {'ament_cmake_args': None, 'build_base': '/home/bx-orin/cam_driver_ws/DEV/ros2_camera_driver/h264_camera_driver_ros2/build/fake_camera_driver', 'catkin_cmake_args': None, 'catkin_skip_building_tests': False, 'cmake_args': None, 'cmake_clean_cache': False, 'cmake_clean_first': False, 'cmake_force_configure': False, 'cmake_target': None, 'cmake_target_skip_unavailable': False, 'install_base': '/home/bx-orin/cam_driver_ws/DEV/ros2_camera_driver/h264_camera_driver_ros2/install/fake_camera_driver', 'merge_install': False, 'path': '/home/bx-orin/cam_driver_ws/DEV/ros2_camera_driver/h264_camera_driver_ros2', 'symlink_install': False, 'test_result_base': None}
[0.672s] INFO:colcon.colcon_core.executor:Executing jobs using 'parallel' executor
[0.675s] DEBUG:colcon.colcon_parallel_executor.executor.parallel:run_until_complete
[0.675s] INFO:colcon.colcon_ros.task.ament_cmake.build:Building ROS package in '/home/bx-orin/cam_driver_ws/DEV/ros2_camera_driver/h264_camera_driver_ros2' with build type 'ament_cmake'
[0.676s] INFO:colcon.colcon_cmake.task.cmake.build:Building CMake package in '/home/bx-orin/cam_driver_ws/DEV/ros2_camera_driver/h264_camera_driver_ros2'
[0.679s] INFO:colcon.colcon_core.plugin_system:Skipping extension 'colcon_core.shell.bat': Not used on non-Windows systems
[0.680s] INFO:colcon.colcon_core.shell:Skip shell extension 'powershell' for command environment: Not usable outside of PowerShell
[0.680s] DEBUG:colcon.colcon_core.shell:Skip shell extension 'dsv' for command environment
[0.699s] DEBUG:colcon.colcon_core.event_handler.log_command:Invoking command in '/home/bx-orin/cam_driver_ws/DEV/ros2_camera_driver/h264_camera_driver_ros2/build/fake_camera_driver': CMAKE_PREFIX_PATH=${CMAKE_PREFIX_PATH}:/opt/ros/humble /usr/bin/cmake --build /home/bx-orin/cam_driver_ws/DEV/ros2_camera_driver/h264_camera_driver_ros2/build/fake_camera_driver -- -j8 -l8
[13.980s] DEBUG:colcon.colcon_core.event_handler.log_command:Invoked command in '/home/bx-orin/cam_driver_ws/DEV/ros2_camera_driver/h264_camera_driver_ros2/build/fake_camera_driver' returned '0': CMAKE_PREFIX_PATH=${CMAKE_PREFIX_PATH}:/opt/ros/humble /usr/bin/cmake --build /home/bx-orin/cam_driver_ws/DEV/ros2_camera_driver/h264_camera_driver_ros2/build/fake_camera_driver -- -j8 -l8
[14.006s] DEBUG:colcon.colcon_core.event_handler.log_command:Invoking command in '/home/bx-orin/cam_driver_ws/DEV/ros2_camera_driver/h264_camera_driver_ros2/build/fake_camera_driver': CMAKE_PREFIX_PATH=${CMAKE_PREFIX_PATH}:/opt/ros/humble /usr/bin/cmake --install /home/bx-orin/cam_driver_ws/DEV/ros2_camera_driver/h264_camera_driver_ros2/build/fake_camera_driver
[14.031s] Level 1:colcon.colcon_core.environment:create_environment_scripts_only(fake_camera_driver)
[14.034s] DEBUG:colcon.colcon_core.event_handler.log_command:Invoked command in '/home/bx-orin/cam_driver_ws/DEV/ros2_camera_driver/h264_camera_driver_ros2/build/fake_camera_driver' returned '0': CMAKE_PREFIX_PATH=${CMAKE_PREFIX_PATH}:/opt/ros/humble /usr/bin/cmake --install /home/bx-orin/cam_driver_ws/DEV/ros2_camera_driver/h264_camera_driver_ros2/build/fake_camera_driver
[14.042s] Level 1:colcon.colcon_core.environment:checking '/home/bx-orin/cam_driver_ws/DEV/ros2_camera_driver/h264_camera_driver_ros2/install/fake_camera_driver' for CMake module files
[14.043s] Level 1:colcon.colcon_core.environment:checking '/home/bx-orin/cam_driver_ws/DEV/ros2_camera_driver/h264_camera_driver_ros2/install/fake_camera_driver' for CMake config files
[14.044s] Level 1:colcon.colcon_core.shell:create_environment_hook('fake_camera_driver', 'cmake_prefix_path')
[14.044s] INFO:colcon.colcon_core.shell:Creating environment hook '/home/bx-orin/cam_driver_ws/DEV/ros2_camera_driver/h264_camera_driver_ros2/install/fake_camera_driver/share/fake_camera_driver/hook/cmake_prefix_path.ps1'
[14.046s] INFO:colcon.colcon_core.shell:Creating environment descriptor '/home/bx-orin/cam_driver_ws/DEV/ros2_camera_driver/h264_camera_driver_ros2/install/fake_camera_driver/share/fake_camera_driver/hook/cmake_prefix_path.dsv'
[14.047s] INFO:colcon.colcon_core.shell:Creating environment hook '/home/bx-orin/cam_driver_ws/DEV/ros2_camera_driver/h264_camera_driver_ros2/install/fake_camera_driver/share/fake_camera_driver/hook/cmake_prefix_path.sh'
[14.049s] Level 1:colcon.colcon_core.environment:checking '/home/bx-orin/cam_driver_ws/DEV/ros2_camera_driver/h264_camera_driver_ros2/install/fake_camera_driver/lib'
[14.050s] Level 1:colcon.colcon_core.environment:checking '/home/bx-orin/cam_driver_ws/DEV/ros2_camera_driver/h264_camera_driver_ros2/install/fake_camera_driver/bin'
[14.051s] Level 1:colcon.colcon_core.environment:checking '/home/bx-orin/cam_driver_ws/DEV/ros2_camera_driver/h264_camera_driver_ros2/install/fake_camera_driver/lib/pkgconfig/fake_camera_driver.pc'
[14.051s] Level 1:colcon.colcon_core.environment:checking '/home/bx-orin/cam_driver_ws/DEV/ros2_camera_driver/h264_camera_driver_ros2/install/fake_camera_driver/lib/python3.10/site-packages'
[14.052s] Level 1:colcon.colcon_core.environment:checking '/home/bx-orin/cam_driver_ws/DEV/ros2_camera_driver/h264_camera_driver_ros2/install/fake_camera_driver/bin'
[14.053s] INFO:colcon.colcon_core.shell:Creating package script '/home/bx-orin/cam_driver_ws/DEV/ros2_camera_driver/h264_camera_driver_ros2/install/fake_camera_driver/share/fake_camera_driver/package.ps1'
[14.056s] INFO:colcon.colcon_core.shell:Creating package descriptor '/home/bx-orin/cam_driver_ws/DEV/ros2_camera_driver/h264_camera_driver_ros2/install/fake_camera_driver/share/fake_camera_driver/package.dsv'
[14.058s] INFO:colcon.colcon_core.shell:Creating package script '/home/bx-orin/cam_driver_ws/DEV/ros2_camera_driver/h264_camera_driver_ros2/install/fake_camera_driver/share/fake_camera_driver/package.sh'
[14.061s] INFO:colcon.colcon_core.shell:Creating package script '/home/bx-orin/cam_driver_ws/DEV/ros2_camera_driver/h264_camera_driver_ros2/install/fake_camera_driver/share/fake_camera_driver/package.bash'
[14.065s] INFO:colcon.colcon_core.shell:Creating package script '/home/bx-orin/cam_driver_ws/DEV/ros2_camera_driver/h264_camera_driver_ros2/install/fake_camera_driver/share/fake_camera_driver/package.zsh'
[14.068s] Level 1:colcon.colcon_core.environment:create_file_with_runtime_dependencies(/home/bx-orin/cam_driver_ws/DEV/ros2_camera_driver/h264_camera_driver_ros2/install/fake_camera_driver/share/colcon-core/packages/fake_camera_driver)
[14.070s] Level 1:colcon.colcon_core.environment:create_environment_scripts_only(fake_camera_driver)
[14.071s] Level 1:colcon.colcon_core.environment:checking '/home/bx-orin/cam_driver_ws/DEV/ros2_camera_driver/h264_camera_driver_ros2/install/fake_camera_driver' for CMake module files
[14.072s] Level 1:colcon.colcon_core.environment:checking '/home/bx-orin/cam_driver_ws/DEV/ros2_camera_driver/h264_camera_driver_ros2/install/fake_camera_driver' for CMake config files
[14.073s] Level 1:colcon.colcon_core.shell:create_environment_hook('fake_camera_driver', 'cmake_prefix_path')
[14.073s] INFO:colcon.colcon_core.shell:Creating environment hook '/home/bx-orin/cam_driver_ws/DEV/ros2_camera_driver/h264_camera_driver_ros2/install/fake_camera_driver/share/fake_camera_driver/hook/cmake_prefix_path.ps1'
[14.075s] INFO:colcon.colcon_core.shell:Creating environment descriptor '/home/bx-orin/cam_driver_ws/DEV/ros2_camera_driver/h264_camera_driver_ros2/install/fake_camera_driver/share/fake_camera_driver/hook/cmake_prefix_path.dsv'
[14.075s] INFO:colcon.colcon_core.shell:Creating environment hook '/home/bx-orin/cam_driver_ws/DEV/ros2_camera_driver/h264_camera_driver_ros2/install/fake_camera_driver/share/fake_camera_driver/hook/cmake_prefix_path.sh'
[14.076s] Level 1:colcon.colcon_core.environment:checking '/home/bx-orin/cam_driver_ws/DEV/ros2_camera_driver/h264_camera_driver_ros2/install/fake_camera_driver/lib'
[14.077s] Level 1:colcon.colcon_core.environment:checking '/home/bx-orin/cam_driver_ws/DEV/ros2_camera_driver/h264_camera_driver_ros2/install/fake_camera_driver/bin'
[14.077s] Level 1:colcon.colcon_core.environment:checking '/home/bx-orin/cam_driver_ws/DEV/ros2_camera_driver/h264_camera_driver_ros2/install/fake_camera_driver/lib/pkgconfig/fake_camera_driver.pc'
[14.077s] Level 1:colcon.colcon_core.environment:checking '/home/bx-orin/cam_driver_ws/DEV/ros2_camera_driver/h264_camera_driver_ros2/install/fake_camera_driver/lib/python3.10/site-packages'
[14.078s] Level 1:colcon.colcon_core.environment:checking '/home/bx-orin/cam_driver_ws/DEV/ros2_camera_driver/h264_camera_driver_ros2/install/fake_camera_driver/bin'
[14.079s] INFO:colcon.colcon_core.shell:Creating package script '/home/bx-orin/cam_driver_ws/DEV/ros2_camera_driver/h264_camera_driver_ros2/install/fake_camera_driver/share/fake_camera_driver/package.ps1'
[14.080s] INFO:colcon.colcon_core.shell:Creating package descriptor '/home/bx-orin/cam_driver_ws/DEV/ros2_camera_driver/h264_camera_driver_ros2/install/fake_camera_driver/share/fake_camera_driver/package.dsv'
[14.081s] INFO:colcon.colcon_core.shell:Creating package script '/home/bx-orin/cam_driver_ws/DEV/ros2_camera_driver/h264_camera_driver_ros2/install/fake_camera_driver/share/fake_camera_driver/package.sh'
[14.083s] INFO:colcon.colcon_core.shell:Creating package script '/home/bx-orin/cam_driver_ws/DEV/ros2_camera_driver/h264_camera_driver_ros2/install/fake_camera_driver/share/fake_camera_driver/package.bash'
[14.085s] INFO:colcon.colcon_core.shell:Creating package script '/home/bx-orin/cam_driver_ws/DEV/ros2_camera_driver/h264_camera_driver_ros2/install/fake_camera_driver/share/fake_camera_driver/package.zsh'
[14.086s] Level 1:colcon.colcon_core.environment:create_file_with_runtime_dependencies(/home/bx-orin/cam_driver_ws/DEV/ros2_camera_driver/h264_camera_driver_ros2/install/fake_camera_driver/share/colcon-core/packages/fake_camera_driver)
[14.087s] DEBUG:colcon.colcon_parallel_executor.executor.parallel:closing loop
[14.087s] DEBUG:colcon.colcon_parallel_executor.executor.parallel:loop closed
[14.088s] DEBUG:colcon.colcon_parallel_executor.executor.parallel:run_until_complete finished with '0'
[14.088s] DEBUG:colcon.colcon_core.event_reactor:joining thread
[14.109s] INFO:colcon.colcon_core.plugin_system:Skipping extension 'colcon_notification.desktop_notification.terminal_notifier': Not used on non-Darwin systems
[14.110s] INFO:colcon.colcon_core.plugin_system:Skipping extension 'colcon_notification.desktop_notification.win32': Not used on non-Windows systems
[14.110s] INFO:colcon.colcon_notification.desktop_notification:Sending desktop notification using 'notify2'
[14.157s] DEBUG:colcon.colcon_core.event_reactor:joined thread
[14.158s] INFO:colcon.colcon_core.shell:Creating prefix script '/home/bx-orin/cam_driver_ws/DEV/ros2_camera_driver/h264_camera_driver_ros2/install/local_setup.ps1'
[14.165s] INFO:colcon.colcon_core.shell:Creating prefix util module '/home/bx-orin/cam_driver_ws/DEV/ros2_camera_driver/h264_camera_driver_ros2/install/_local_setup_util_ps1.py'
[14.170s] INFO:colcon.colcon_core.shell:Creating prefix chain script '/home/bx-orin/cam_driver_ws/DEV/ros2_camera_driver/h264_camera_driver_ros2/install/setup.ps1'
[14.173s] INFO:colcon.colcon_core.shell:Creating prefix script '/home/bx-orin/cam_driver_ws/DEV/ros2_camera_driver/h264_camera_driver_ros2/install/local_setup.sh'
[14.174s] INFO:colcon.colcon_core.shell:Creating prefix util module '/home/bx-orin/cam_driver_ws/DEV/ros2_camera_driver/h264_camera_driver_ros2/install/_local_setup_util_sh.py'
[14.176s] INFO:colcon.colcon_core.shell:Creating prefix chain script '/home/bx-orin/cam_driver_ws/DEV/ros2_camera_driver/h264_camera_driver_ros2/install/setup.sh'
[14.178s] INFO:colcon.colcon_core.shell:Creating prefix script '/home/bx-orin/cam_driver_ws/DEV/ros2_camera_driver/h264_camera_driver_ros2/install/local_setup.bash'
[14.179s] INFO:colcon.colcon_core.shell:Creating prefix chain script '/home/bx-orin/cam_driver_ws/DEV/ros2_camera_driver/h264_camera_driver_ros2/install/setup.bash'
[14.181s] INFO:colcon.colcon_core.shell:Creating prefix script '/home/bx-orin/cam_driver_ws/DEV/ros2_camera_driver/h264_camera_driver_ros2/install/local_setup.zsh'
[14.182s] INFO:colcon.colcon_core.shell:Creating prefix chain script '/home/bx-orin/cam_driver_ws/DEV/ros2_camera_driver/h264_camera_driver_ros2/install/setup.zsh'
