-- The C compiler identification is GNU 11.4.0
-- The CXX compiler identification is GNU 11.4.0
-- Detecting C compiler ABI info
-- Detecting C compiler ABI info - done
-- Check for working C compiler: /usr/bin/cc - skipped
-- Detecting C compile features
-- Detecting C compile features - done
-- Detecting CXX compiler ABI info
-- Detecting CXX compiler ABI info - done
-- Check for working CXX compiler: /usr/bin/c++ - skipped
-- Detecting CXX compile features
-- Detecting CXX compile features - done
-- Found ament_cmake: 1.3.12 (/opt/ros/humble/share/ament_cmake/cmake)
-- Found Python3: /usr/bin/python3 (found version "3.10.12") found components: Interpreter 
-- Found rclcpp: 16.0.15 (/opt/ros/humble/share/rclcpp/cmake)
-- Found rosidl_generator_c: 3.1.7 (/opt/ros/humble/share/rosidl_generator_c/cmake)
-- Found rosidl_adapter: 3.1.7 (/opt/ros/humble/share/rosidl_adapter/cmake)
-- Found rosidl_generator_cpp: 3.1.7 (/opt/ros/humble/share/rosidl_generator_cpp/cmake)
-- Using all available rosidl_typesupport_c: rosidl_typesupport_fastrtps_c;rosidl_typesupport_introspection_c
-- Using all available rosidl_typesupport_cpp: rosidl_typesupport_fastrtps_cpp;rosidl_typesupport_introspection_cpp
-- Found rmw_implementation_cmake: 6.1.2 (/opt/ros/humble/share/rmw_implementation_cmake/cmake)
-- Found rmw_fastrtps_cpp: 6.2.9 (/opt/ros/humble/share/rmw_fastrtps_cpp/cmake)
-- Found OpenSSL: /usr/lib/aarch64-linux-gnu/libcrypto.so (found version "3.0.2")  
-- Found FastRTPS: /opt/ros/humble/include  
-- Using RMW implementation 'rmw_fastrtps_cpp' as default
-- Looking for pthread.h
-- Looking for pthread.h - found
-- Performing Test CMAKE_HAVE_LIBC_PTHREAD
-- Performing Test CMAKE_HAVE_LIBC_PTHREAD - Success
-- Found Threads: TRUE  
-- Found sensor_msgs: 4.9.0 (/opt/ros/humble/share/sensor_msgs/cmake)
-- Found cv_bridge: 3.2.1 (/opt/ros/humble/share/cv_bridge/cmake)
-- Found OpenCV: /usr (found version "4.5.2") 
-- Configuring done
-- Generating done
-- Build files have been written to: /home/bx-orin/cam_driver_ws/DEV/ros2_camera_driver/h264_camera_driver_ros2/build/fake_camera_driver
[ 50%] [32mBuilding CXX object CMakeFiles/fake_camera_node.dir/src/fake_camera_node.cpp.o[0m
[100%] [32m[1mLinking CXX executable fake_camera_node[0m
/usr/bin/ld: warning: libopencv_imgcodecs.so.4.5d, needed by /opt/ros/humble/lib/libcv_bridge.so, may conflict with libopencv_imgcodecs.so.4.5
/usr/bin/ld: warning: libopencv_imgproc.so.4.5d, needed by /opt/ros/humble/lib/libcv_bridge.so, may conflict with libopencv_imgproc.so.4.5
/usr/bin/ld: warning: libopencv_core.so.4.5d, needed by /opt/ros/humble/lib/libcv_bridge.so, may conflict with libopencv_core.so.4.5
[100%] Built target fake_camera_node
-- Install configuration: ""
-- Installing: /home/bx-orin/cam_driver_ws/DEV/ros2_camera_driver/h264_camera_driver_ros2/install/fake_camera_driver/lib/fake_camera_driver/fake_camera_node
-- Set runtime path of "/home/bx-orin/cam_driver_ws/DEV/ros2_camera_driver/h264_camera_driver_ros2/install/fake_camera_driver/lib/fake_camera_driver/fake_camera_node" to ""
-- Installing: /home/bx-orin/cam_driver_ws/DEV/ros2_camera_driver/h264_camera_driver_ros2/install/fake_camera_driver/share/ament_index/resource_index/package_run_dependencies/fake_camera_driver
-- Installing: /home/bx-orin/cam_driver_ws/DEV/ros2_camera_driver/h264_camera_driver_ros2/install/fake_camera_driver/share/ament_index/resource_index/parent_prefix_path/fake_camera_driver
-- Installing: /home/bx-orin/cam_driver_ws/DEV/ros2_camera_driver/h264_camera_driver_ros2/install/fake_camera_driver/share/fake_camera_driver/environment/ament_prefix_path.sh
-- Installing: /home/bx-orin/cam_driver_ws/DEV/ros2_camera_driver/h264_camera_driver_ros2/install/fake_camera_driver/share/fake_camera_driver/environment/ament_prefix_path.dsv
-- Installing: /home/bx-orin/cam_driver_ws/DEV/ros2_camera_driver/h264_camera_driver_ros2/install/fake_camera_driver/share/fake_camera_driver/environment/path.sh
-- Installing: /home/bx-orin/cam_driver_ws/DEV/ros2_camera_driver/h264_camera_driver_ros2/install/fake_camera_driver/share/fake_camera_driver/environment/path.dsv
-- Installing: /home/bx-orin/cam_driver_ws/DEV/ros2_camera_driver/h264_camera_driver_ros2/install/fake_camera_driver/share/fake_camera_driver/local_setup.bash
-- Installing: /home/bx-orin/cam_driver_ws/DEV/ros2_camera_driver/h264_camera_driver_ros2/install/fake_camera_driver/share/fake_camera_driver/local_setup.sh
-- Installing: /home/bx-orin/cam_driver_ws/DEV/ros2_camera_driver/h264_camera_driver_ros2/install/fake_camera_driver/share/fake_camera_driver/local_setup.zsh
-- Installing: /home/bx-orin/cam_driver_ws/DEV/ros2_camera_driver/h264_camera_driver_ros2/install/fake_camera_driver/share/fake_camera_driver/local_setup.dsv
-- Installing: /home/bx-orin/cam_driver_ws/DEV/ros2_camera_driver/h264_camera_driver_ros2/install/fake_camera_driver/share/fake_camera_driver/package.dsv
-- Installing: /home/bx-orin/cam_driver_ws/DEV/ros2_camera_driver/h264_camera_driver_ros2/install/fake_camera_driver/share/ament_index/resource_index/packages/fake_camera_driver
-- Installing: /home/bx-orin/cam_driver_ws/DEV/ros2_camera_driver/h264_camera_driver_ros2/install/fake_camera_driver/share/fake_camera_driver/cmake/fake_camera_driverConfig.cmake
-- Installing: /home/bx-orin/cam_driver_ws/DEV/ros2_camera_driver/h264_camera_driver_ros2/install/fake_camera_driver/share/fake_camera_driver/cmake/fake_camera_driverConfig-version.cmake
-- Installing: /home/bx-orin/cam_driver_ws/DEV/ros2_camera_driver/h264_camera_driver_ros2/install/fake_camera_driver/share/fake_camera_driver/package.xml
