[0.017s] Invoking command in '/home/bx-orin/cam_driver_ws/DEV/ros2_camera_driver/h264_camera_driver_ros2/build/fake_camera_driver': CMAKE_PREFIX_PATH=${CMAKE_PREFIX_PATH}:/opt/ros/humble /usr/bin/cmake /home/bx-orin/cam_driver_ws/DEV/ros2_camera_driver/h264_camera_driver_ros2 -DCMAKE_INSTALL_PREFIX=/home/bx-orin/cam_driver_ws/DEV/ros2_camera_driver/h264_camera_driver_ros2/install/fake_camera_driver
[0.114s] -- The C compiler identification is GNU 11.4.0
[0.215s] -- The CXX compiler identification is GNU 11.4.0
[0.236s] -- Detecting C compiler ABI info
[0.390s] -- Detecting C compiler ABI info - done
[0.409s] -- Check for working C compiler: /usr/bin/cc - skipped
[0.410s] -- Detecting C compile features
[0.411s] -- Detecting C compile features - done
[0.422s] -- Detecting CXX compiler ABI info
[0.583s] -- Detecting CXX compiler ABI info - done
[0.608s] -- Check for working CXX compiler: /usr/bin/c++ - skipped
[0.609s] -- Detecting CXX compile features
[0.610s] -- Detecting CXX compile features - done
[0.618s] -- Found ament_cmake: 1.3.12 (/opt/ros/humble/share/ament_cmake/cmake)
[0.921s] -- Found Python3: /usr/bin/python3 (found version "3.10.12") found components: Interpreter 
[1.109s] -- Found rclcpp: 16.0.15 (/opt/ros/humble/share/rclcpp/cmake)
[1.179s] -- Found rosidl_generator_c: 3.1.7 (/opt/ros/humble/share/rosidl_generator_c/cmake)
[1.185s] -- Found rosidl_adapter: 3.1.7 (/opt/ros/humble/share/rosidl_adapter/cmake)
[1.198s] -- Found rosidl_generator_cpp: 3.1.7 (/opt/ros/humble/share/rosidl_generator_cpp/cmake)
[1.217s] -- Using all available rosidl_typesupport_c: rosidl_typesupport_fastrtps_c;rosidl_typesupport_introspection_c
[1.241s] -- Using all available rosidl_typesupport_cpp: rosidl_typesupport_fastrtps_cpp;rosidl_typesupport_introspection_cpp
[1.307s] -- Found rmw_implementation_cmake: 6.1.2 (/opt/ros/humble/share/rmw_implementation_cmake/cmake)
[1.310s] -- Found rmw_fastrtps_cpp: 6.2.9 (/opt/ros/humble/share/rmw_fastrtps_cpp/cmake)
[1.478s] -- Found OpenSSL: /usr/lib/aarch64-linux-gnu/libcrypto.so (found version "3.0.2")  
[1.549s] -- Found FastRTPS: /opt/ros/humble/include  
[1.620s] -- Using RMW implementation 'rmw_fastrtps_cpp' as default
[1.633s] -- Looking for pthread.h
[1.778s] -- Looking for pthread.h - found
[1.779s] -- Performing Test CMAKE_HAVE_LIBC_PTHREAD
[1.925s] -- Performing Test CMAKE_HAVE_LIBC_PTHREAD - Success
[1.930s] -- Found Threads: TRUE  
[2.055s] -- Found sensor_msgs: 4.9.0 (/opt/ros/humble/share/sensor_msgs/cmake)
[2.104s] -- Found cv_bridge: 3.2.1 (/opt/ros/humble/share/cv_bridge/cmake)
[2.121s] -- Found OpenCV: /usr (found version "4.5.2") 
[2.260s] -- Configuring done
[2.283s] -- Generating done
[2.291s] -- Build files have been written to: /home/bx-orin/cam_driver_ws/DEV/ros2_camera_driver/h264_camera_driver_ros2/build/fake_camera_driver
[2.314s] Invoked command in '/home/bx-orin/cam_driver_ws/DEV/ros2_camera_driver/h264_camera_driver_ros2/build/fake_camera_driver' returned '0': CMAKE_PREFIX_PATH=${CMAKE_PREFIX_PATH}:/opt/ros/humble /usr/bin/cmake /home/bx-orin/cam_driver_ws/DEV/ros2_camera_driver/h264_camera_driver_ros2 -DCMAKE_INSTALL_PREFIX=/home/bx-orin/cam_driver_ws/DEV/ros2_camera_driver/h264_camera_driver_ros2/install/fake_camera_driver
[2.320s] Invoking command in '/home/bx-orin/cam_driver_ws/DEV/ros2_camera_driver/h264_camera_driver_ros2/build/fake_camera_driver': CMAKE_PREFIX_PATH=${CMAKE_PREFIX_PATH}:/opt/ros/humble /usr/bin/cmake --build /home/bx-orin/cam_driver_ws/DEV/ros2_camera_driver/h264_camera_driver_ros2/build/fake_camera_driver -- -j8 -l8
[2.428s] [ 50%] [32mBuilding CXX object CMakeFiles/fake_camera_node.dir/src/fake_camera_node.cpp.o[0m
[14.186s] [100%] [32m[1mLinking CXX executable fake_camera_node[0m
[14.412s] /usr/bin/ld: warning: libopencv_imgcodecs.so.4.5d, needed by /opt/ros/humble/lib/libcv_bridge.so, may conflict with libopencv_imgcodecs.so.4.5
[14.412s] /usr/bin/ld: warning: libopencv_imgproc.so.4.5d, needed by /opt/ros/humble/lib/libcv_bridge.so, may conflict with libopencv_imgproc.so.4.5
[14.413s] /usr/bin/ld: warning: libopencv_core.so.4.5d, needed by /opt/ros/humble/lib/libcv_bridge.so, may conflict with libopencv_core.so.4.5
[15.162s] [100%] Built target fake_camera_node
[15.193s] Invoked command in '/home/bx-orin/cam_driver_ws/DEV/ros2_camera_driver/h264_camera_driver_ros2/build/fake_camera_driver' returned '0': CMAKE_PREFIX_PATH=${CMAKE_PREFIX_PATH}:/opt/ros/humble /usr/bin/cmake --build /home/bx-orin/cam_driver_ws/DEV/ros2_camera_driver/h264_camera_driver_ros2/build/fake_camera_driver -- -j8 -l8
[15.221s] Invoking command in '/home/bx-orin/cam_driver_ws/DEV/ros2_camera_driver/h264_camera_driver_ros2/build/fake_camera_driver': CMAKE_PREFIX_PATH=${CMAKE_PREFIX_PATH}:/opt/ros/humble /usr/bin/cmake --install /home/bx-orin/cam_driver_ws/DEV/ros2_camera_driver/h264_camera_driver_ros2/build/fake_camera_driver
[15.239s] -- Install configuration: ""
[15.239s] -- Installing: /home/bx-orin/cam_driver_ws/DEV/ros2_camera_driver/h264_camera_driver_ros2/install/fake_camera_driver/lib/fake_camera_driver/fake_camera_node
[15.242s] -- Set runtime path of "/home/bx-orin/cam_driver_ws/DEV/ros2_camera_driver/h264_camera_driver_ros2/install/fake_camera_driver/lib/fake_camera_driver/fake_camera_node" to ""
[15.242s] -- Installing: /home/bx-orin/cam_driver_ws/DEV/ros2_camera_driver/h264_camera_driver_ros2/install/fake_camera_driver/share/ament_index/resource_index/package_run_dependencies/fake_camera_driver
[15.243s] -- Installing: /home/bx-orin/cam_driver_ws/DEV/ros2_camera_driver/h264_camera_driver_ros2/install/fake_camera_driver/share/ament_index/resource_index/parent_prefix_path/fake_camera_driver
[15.243s] -- Installing: /home/bx-orin/cam_driver_ws/DEV/ros2_camera_driver/h264_camera_driver_ros2/install/fake_camera_driver/share/fake_camera_driver/environment/ament_prefix_path.sh
[15.243s] -- Installing: /home/bx-orin/cam_driver_ws/DEV/ros2_camera_driver/h264_camera_driver_ros2/install/fake_camera_driver/share/fake_camera_driver/environment/ament_prefix_path.dsv
[15.244s] -- Installing: /home/bx-orin/cam_driver_ws/DEV/ros2_camera_driver/h264_camera_driver_ros2/install/fake_camera_driver/share/fake_camera_driver/environment/path.sh
[15.244s] -- Installing: /home/bx-orin/cam_driver_ws/DEV/ros2_camera_driver/h264_camera_driver_ros2/install/fake_camera_driver/share/fake_camera_driver/environment/path.dsv
[15.244s] -- Installing: /home/bx-orin/cam_driver_ws/DEV/ros2_camera_driver/h264_camera_driver_ros2/install/fake_camera_driver/share/fake_camera_driver/local_setup.bash
[15.245s] -- Installing: /home/bx-orin/cam_driver_ws/DEV/ros2_camera_driver/h264_camera_driver_ros2/install/fake_camera_driver/share/fake_camera_driver/local_setup.sh
[15.245s] -- Installing: /home/bx-orin/cam_driver_ws/DEV/ros2_camera_driver/h264_camera_driver_ros2/install/fake_camera_driver/share/fake_camera_driver/local_setup.zsh
[15.245s] -- Installing: /home/bx-orin/cam_driver_ws/DEV/ros2_camera_driver/h264_camera_driver_ros2/install/fake_camera_driver/share/fake_camera_driver/local_setup.dsv
[15.246s] -- Installing: /home/bx-orin/cam_driver_ws/DEV/ros2_camera_driver/h264_camera_driver_ros2/install/fake_camera_driver/share/fake_camera_driver/package.dsv
[15.246s] -- Installing: /home/bx-orin/cam_driver_ws/DEV/ros2_camera_driver/h264_camera_driver_ros2/install/fake_camera_driver/share/ament_index/resource_index/packages/fake_camera_driver
[15.246s] -- Installing: /home/bx-orin/cam_driver_ws/DEV/ros2_camera_driver/h264_camera_driver_ros2/install/fake_camera_driver/share/fake_camera_driver/cmake/fake_camera_driverConfig.cmake
[15.246s] -- Installing: /home/bx-orin/cam_driver_ws/DEV/ros2_camera_driver/h264_camera_driver_ros2/install/fake_camera_driver/share/fake_camera_driver/cmake/fake_camera_driverConfig-version.cmake
[15.247s] -- Installing: /home/bx-orin/cam_driver_ws/DEV/ros2_camera_driver/h264_camera_driver_ros2/install/fake_camera_driver/share/fake_camera_driver/package.xml
[15.250s] Invoked command in '/home/bx-orin/cam_driver_ws/DEV/ros2_camera_driver/h264_camera_driver_ros2/build/fake_camera_driver' returned '0': CMAKE_PREFIX_PATH=${CMAKE_PREFIX_PATH}:/opt/ros/humble /usr/bin/cmake --install /home/bx-orin/cam_driver_ws/DEV/ros2_camera_driver/h264_camera_driver_ros2/build/fake_camera_driver
