[0.195s] DEBUG:colcon:Command line arguments: ['/usr/bin/colcon', 'build']
[0.195s] DEBUG:colcon:Parsed command line arguments: Namespace(log_base=None, log_level=None, verb_name='build', build_base='build', install_base='install', merge_install=False, symlink_install=False, test_result_base=None, continue_on_error=False, executor='parallel', parallel_workers=8, event_handlers=None, ignore_user_meta=False, metas=['./colcon.meta'], base_paths=['.'], packages_ignore=None, packages_ignore_regex=None, paths=None, packages_up_to=None, packages_up_to_regex=None, packages_above=None, packages_above_and_dependencies=None, packages_above_depth=None, packages_select_by_dep=None, packages_skip_by_dep=None, packages_skip_up_to=None, packages_select_build_failed=False, packages_skip_build_finished=False, packages_select_test_failures=False, packages_skip_test_passed=False, packages_select=None, packages_skip=None, packages_select_regex=None, packages_skip_regex=None, packages_start=None, packages_end=None, allow_overriding=[], cmake_args=None, cmake_target=None, cmake_target_skip_unavailable=False, cmake_clean_cache=False, cmake_clean_first=False, cmake_force_configure=False, ament_cmake_args=None, catkin_cmake_args=None, catkin_skip_building_tests=False, verb_parser=<colcon_defaults.argument_parser.defaults.DefaultArgumentsDecorator object at 0xffff9fa8be20>, verb_extension=<colcon_core.verb.build.BuildVerb object at 0xffff9fcf0a30>, main=<bound method BuildVerb.main of <colcon_core.verb.build.BuildVerb object at 0xffff9fcf0a30>>)
[0.515s] Level 1:colcon.colcon_core.package_discovery:discover_packages(colcon_meta) check parameters
[0.516s] Level 1:colcon.colcon_core.package_discovery:discover_packages(recursive) check parameters
[0.516s] Level 1:colcon.colcon_core.package_discovery:discover_packages(ignore) check parameters
[0.516s] Level 1:colcon.colcon_core.package_discovery:discover_packages(path) check parameters
[0.516s] Level 1:colcon.colcon_core.package_discovery:discover_packages(colcon_meta) discover
[0.516s] Level 1:colcon.colcon_core.package_discovery:discover_packages(recursive) discover
[0.516s] INFO:colcon.colcon_core.package_discovery:Crawling recursively for packages in '/home/bx-orin/cam_driver_ws/DEV/ros2_camera_driver/h264_camera_driver_ros2'
[0.517s] Level 1:colcon.colcon_core.package_identification:_identify(.) by extensions ['ignore', 'ignore_ament_install']
[0.517s] Level 1:colcon.colcon_core.package_identification:_identify(.) by extension 'ignore'
[0.517s] Level 1:colcon.colcon_core.package_identification:_identify(.) by extension 'ignore_ament_install'
[0.517s] Level 1:colcon.colcon_core.package_identification:_identify(.) by extensions ['colcon_pkg']
[0.517s] Level 1:colcon.colcon_core.package_identification:_identify(.) by extension 'colcon_pkg'
[0.517s] Level 1:colcon.colcon_core.package_identification:_identify(.) by extensions ['colcon_meta']
[0.517s] Level 1:colcon.colcon_core.package_identification:_identify(.) by extension 'colcon_meta'
[0.518s] Level 1:colcon.colcon_core.package_identification:_identify(.) by extensions ['ros']
[0.518s] Level 1:colcon.colcon_core.package_identification:_identify(.) by extension 'ros'
[0.545s] DEBUG:colcon.colcon_core.package_identification:Package '.' with type 'ros.ament_cmake' and name 'fake_camera_driver'
[0.545s] Level 1:colcon.colcon_core.package_discovery:discover_packages(recursive) using defaults
[0.545s] Level 1:colcon.colcon_core.package_discovery:discover_packages(ignore) discover
[0.545s] Level 1:colcon.colcon_core.package_discovery:discover_packages(ignore) using defaults
[0.546s] Level 1:colcon.colcon_core.package_discovery:discover_packages(path) discover
[0.546s] Level 1:colcon.colcon_core.package_discovery:discover_packages(path) using defaults
[0.622s] Level 1:colcon.colcon_core.package_discovery:discover_packages(prefix_path) check parameters
[0.622s] Level 1:colcon.colcon_core.package_discovery:discover_packages(prefix_path) discover
[0.624s] WARNING:colcon.colcon_ros.prefix_path.ament:The path '/home/bx-orin/cam_driver_ws/DEV/ros2_camera_driver/h264_camera_driver_ros2/install/fake_camera_driver' in the environment variable AMENT_PREFIX_PATH doesn't exist
[0.625s] WARNING:colcon.colcon_ros.prefix_path.catkin:The path '/home/bx-orin/cam_driver_ws/DEV/ros2_camera_driver/h264_camera_driver_ros2/install/fake_camera_driver' in the environment variable CMAKE_PREFIX_PATH doesn't exist
[0.626s] DEBUG:colcon.colcon_installed_package_information.package_discovery:Found 0 installed packages in /home/bx-orin/cam_driver_ws/DEV/ros2_camera_driver/h264_camera_driver_ros2/install
[0.628s] DEBUG:colcon.colcon_installed_package_information.package_discovery:Found 271 installed packages in /opt/ros/humble
[0.631s] Level 1:colcon.colcon_core.package_discovery:discover_packages(prefix_path) using defaults
[0.701s] Level 5:colcon.colcon_core.verb:set package 'fake_camera_driver' build argument 'cmake_args' from command line to 'None'
[0.701s] Level 5:colcon.colcon_core.verb:set package 'fake_camera_driver' build argument 'cmake_target' from command line to 'None'
[0.701s] Level 5:colcon.colcon_core.verb:set package 'fake_camera_driver' build argument 'cmake_target_skip_unavailable' from command line to 'False'
[0.701s] Level 5:colcon.colcon_core.verb:set package 'fake_camera_driver' build argument 'cmake_clean_cache' from command line to 'False'
[0.701s] Level 5:colcon.colcon_core.verb:set package 'fake_camera_driver' build argument 'cmake_clean_first' from command line to 'False'
[0.701s] Level 5:colcon.colcon_core.verb:set package 'fake_camera_driver' build argument 'cmake_force_configure' from command line to 'False'
[0.701s] Level 5:colcon.colcon_core.verb:set package 'fake_camera_driver' build argument 'ament_cmake_args' from command line to 'None'
[0.701s] Level 5:colcon.colcon_core.verb:set package 'fake_camera_driver' build argument 'catkin_cmake_args' from command line to 'None'
[0.701s] Level 5:colcon.colcon_core.verb:set package 'fake_camera_driver' build argument 'catkin_skip_building_tests' from command line to 'False'
[0.702s] DEBUG:colcon.colcon_core.verb:Building package 'fake_camera_driver' with the following arguments: {'ament_cmake_args': None, 'build_base': '/home/bx-orin/cam_driver_ws/DEV/ros2_camera_driver/h264_camera_driver_ros2/build/fake_camera_driver', 'catkin_cmake_args': None, 'catkin_skip_building_tests': False, 'cmake_args': None, 'cmake_clean_cache': False, 'cmake_clean_first': False, 'cmake_force_configure': False, 'cmake_target': None, 'cmake_target_skip_unavailable': False, 'install_base': '/home/bx-orin/cam_driver_ws/DEV/ros2_camera_driver/h264_camera_driver_ros2/install/fake_camera_driver', 'merge_install': False, 'path': '/home/bx-orin/cam_driver_ws/DEV/ros2_camera_driver/h264_camera_driver_ros2', 'symlink_install': False, 'test_result_base': None}
[0.702s] INFO:colcon.colcon_core.executor:Executing jobs using 'parallel' executor
[0.704s] DEBUG:colcon.colcon_parallel_executor.executor.parallel:run_until_complete
[0.705s] INFO:colcon.colcon_ros.task.ament_cmake.build:Building ROS package in '/home/bx-orin/cam_driver_ws/DEV/ros2_camera_driver/h264_camera_driver_ros2' with build type 'ament_cmake'
[0.705s] INFO:colcon.colcon_cmake.task.cmake.build:Building CMake package in '/home/bx-orin/cam_driver_ws/DEV/ros2_camera_driver/h264_camera_driver_ros2'
[0.709s] INFO:colcon.colcon_core.plugin_system:Skipping extension 'colcon_core.shell.bat': Not used on non-Windows systems
[0.709s] INFO:colcon.colcon_core.shell:Skip shell extension 'powershell' for command environment: Not usable outside of PowerShell
[0.709s] DEBUG:colcon.colcon_core.shell:Skip shell extension 'dsv' for command environment
[0.722s] DEBUG:colcon.colcon_core.event_handler.log_command:Invoking command in '/home/bx-orin/cam_driver_ws/DEV/ros2_camera_driver/h264_camera_driver_ros2/build/fake_camera_driver': CMAKE_PREFIX_PATH=${CMAKE_PREFIX_PATH}:/opt/ros/humble /usr/bin/cmake /home/bx-orin/cam_driver_ws/DEV/ros2_camera_driver/h264_camera_driver_ros2 -DCMAKE_INSTALL_PREFIX=/home/bx-orin/cam_driver_ws/DEV/ros2_camera_driver/h264_camera_driver_ros2/install/fake_camera_driver
[3.020s] DEBUG:colcon.colcon_core.event_handler.log_command:Invoked command in '/home/bx-orin/cam_driver_ws/DEV/ros2_camera_driver/h264_camera_driver_ros2/build/fake_camera_driver' returned '0': CMAKE_PREFIX_PATH=${CMAKE_PREFIX_PATH}:/opt/ros/humble /usr/bin/cmake /home/bx-orin/cam_driver_ws/DEV/ros2_camera_driver/h264_camera_driver_ros2 -DCMAKE_INSTALL_PREFIX=/home/bx-orin/cam_driver_ws/DEV/ros2_camera_driver/h264_camera_driver_ros2/install/fake_camera_driver
[3.026s] DEBUG:colcon.colcon_core.event_handler.log_command:Invoking command in '/home/bx-orin/cam_driver_ws/DEV/ros2_camera_driver/h264_camera_driver_ros2/build/fake_camera_driver': CMAKE_PREFIX_PATH=${CMAKE_PREFIX_PATH}:/opt/ros/humble /usr/bin/cmake --build /home/bx-orin/cam_driver_ws/DEV/ros2_camera_driver/h264_camera_driver_ros2/build/fake_camera_driver -- -j8 -l8
[15.899s] DEBUG:colcon.colcon_core.event_handler.log_command:Invoked command in '/home/bx-orin/cam_driver_ws/DEV/ros2_camera_driver/h264_camera_driver_ros2/build/fake_camera_driver' returned '0': CMAKE_PREFIX_PATH=${CMAKE_PREFIX_PATH}:/opt/ros/humble /usr/bin/cmake --build /home/bx-orin/cam_driver_ws/DEV/ros2_camera_driver/h264_camera_driver_ros2/build/fake_camera_driver -- -j8 -l8
[15.927s] DEBUG:colcon.colcon_core.event_handler.log_command:Invoking command in '/home/bx-orin/cam_driver_ws/DEV/ros2_camera_driver/h264_camera_driver_ros2/build/fake_camera_driver': CMAKE_PREFIX_PATH=${CMAKE_PREFIX_PATH}:/opt/ros/humble /usr/bin/cmake --install /home/bx-orin/cam_driver_ws/DEV/ros2_camera_driver/h264_camera_driver_ros2/build/fake_camera_driver
[15.955s] Level 1:colcon.colcon_core.environment:create_environment_scripts_only(fake_camera_driver)
[15.956s] DEBUG:colcon.colcon_core.event_handler.log_command:Invoked command in '/home/bx-orin/cam_driver_ws/DEV/ros2_camera_driver/h264_camera_driver_ros2/build/fake_camera_driver' returned '0': CMAKE_PREFIX_PATH=${CMAKE_PREFIX_PATH}:/opt/ros/humble /usr/bin/cmake --install /home/bx-orin/cam_driver_ws/DEV/ros2_camera_driver/h264_camera_driver_ros2/build/fake_camera_driver
[15.962s] Level 1:colcon.colcon_core.environment:checking '/home/bx-orin/cam_driver_ws/DEV/ros2_camera_driver/h264_camera_driver_ros2/install/fake_camera_driver' for CMake module files
[15.963s] Level 1:colcon.colcon_core.environment:checking '/home/bx-orin/cam_driver_ws/DEV/ros2_camera_driver/h264_camera_driver_ros2/install/fake_camera_driver' for CMake config files
[15.963s] Level 1:colcon.colcon_core.shell:create_environment_hook('fake_camera_driver', 'cmake_prefix_path')
[15.964s] INFO:colcon.colcon_core.shell:Creating environment hook '/home/bx-orin/cam_driver_ws/DEV/ros2_camera_driver/h264_camera_driver_ros2/install/fake_camera_driver/share/fake_camera_driver/hook/cmake_prefix_path.ps1'
[15.965s] INFO:colcon.colcon_core.shell:Creating environment descriptor '/home/bx-orin/cam_driver_ws/DEV/ros2_camera_driver/h264_camera_driver_ros2/install/fake_camera_driver/share/fake_camera_driver/hook/cmake_prefix_path.dsv'
[15.967s] INFO:colcon.colcon_core.shell:Creating environment hook '/home/bx-orin/cam_driver_ws/DEV/ros2_camera_driver/h264_camera_driver_ros2/install/fake_camera_driver/share/fake_camera_driver/hook/cmake_prefix_path.sh'
[15.969s] Level 1:colcon.colcon_core.environment:checking '/home/bx-orin/cam_driver_ws/DEV/ros2_camera_driver/h264_camera_driver_ros2/install/fake_camera_driver/lib'
[15.969s] Level 1:colcon.colcon_core.environment:checking '/home/bx-orin/cam_driver_ws/DEV/ros2_camera_driver/h264_camera_driver_ros2/install/fake_camera_driver/bin'
[15.969s] Level 1:colcon.colcon_core.environment:checking '/home/bx-orin/cam_driver_ws/DEV/ros2_camera_driver/h264_camera_driver_ros2/install/fake_camera_driver/lib/pkgconfig/fake_camera_driver.pc'
[15.970s] Level 1:colcon.colcon_core.environment:checking '/home/bx-orin/cam_driver_ws/DEV/ros2_camera_driver/h264_camera_driver_ros2/install/fake_camera_driver/lib/python3.10/site-packages'
[15.970s] Level 1:colcon.colcon_core.environment:checking '/home/bx-orin/cam_driver_ws/DEV/ros2_camera_driver/h264_camera_driver_ros2/install/fake_camera_driver/bin'
[15.971s] INFO:colcon.colcon_core.shell:Creating package script '/home/bx-orin/cam_driver_ws/DEV/ros2_camera_driver/h264_camera_driver_ros2/install/fake_camera_driver/share/fake_camera_driver/package.ps1'
[15.972s] INFO:colcon.colcon_core.shell:Creating package descriptor '/home/bx-orin/cam_driver_ws/DEV/ros2_camera_driver/h264_camera_driver_ros2/install/fake_camera_driver/share/fake_camera_driver/package.dsv'
[15.974s] INFO:colcon.colcon_core.shell:Creating package script '/home/bx-orin/cam_driver_ws/DEV/ros2_camera_driver/h264_camera_driver_ros2/install/fake_camera_driver/share/fake_camera_driver/package.sh'
[15.975s] INFO:colcon.colcon_core.shell:Creating package script '/home/bx-orin/cam_driver_ws/DEV/ros2_camera_driver/h264_camera_driver_ros2/install/fake_camera_driver/share/fake_camera_driver/package.bash'
[15.978s] INFO:colcon.colcon_core.shell:Creating package script '/home/bx-orin/cam_driver_ws/DEV/ros2_camera_driver/h264_camera_driver_ros2/install/fake_camera_driver/share/fake_camera_driver/package.zsh'
[15.980s] Level 1:colcon.colcon_core.environment:create_file_with_runtime_dependencies(/home/bx-orin/cam_driver_ws/DEV/ros2_camera_driver/h264_camera_driver_ros2/install/fake_camera_driver/share/colcon-core/packages/fake_camera_driver)
[15.983s] Level 1:colcon.colcon_core.environment:create_environment_scripts_only(fake_camera_driver)
[15.984s] Level 1:colcon.colcon_core.environment:checking '/home/bx-orin/cam_driver_ws/DEV/ros2_camera_driver/h264_camera_driver_ros2/install/fake_camera_driver' for CMake module files
[15.986s] Level 1:colcon.colcon_core.environment:checking '/home/bx-orin/cam_driver_ws/DEV/ros2_camera_driver/h264_camera_driver_ros2/install/fake_camera_driver' for CMake config files
[15.987s] Level 1:colcon.colcon_core.shell:create_environment_hook('fake_camera_driver', 'cmake_prefix_path')
[15.987s] INFO:colcon.colcon_core.shell:Creating environment hook '/home/bx-orin/cam_driver_ws/DEV/ros2_camera_driver/h264_camera_driver_ros2/install/fake_camera_driver/share/fake_camera_driver/hook/cmake_prefix_path.ps1'
[15.990s] INFO:colcon.colcon_core.shell:Creating environment descriptor '/home/bx-orin/cam_driver_ws/DEV/ros2_camera_driver/h264_camera_driver_ros2/install/fake_camera_driver/share/fake_camera_driver/hook/cmake_prefix_path.dsv'
[15.991s] INFO:colcon.colcon_core.shell:Creating environment hook '/home/bx-orin/cam_driver_ws/DEV/ros2_camera_driver/h264_camera_driver_ros2/install/fake_camera_driver/share/fake_camera_driver/hook/cmake_prefix_path.sh'
[15.993s] Level 1:colcon.colcon_core.environment:checking '/home/bx-orin/cam_driver_ws/DEV/ros2_camera_driver/h264_camera_driver_ros2/install/fake_camera_driver/lib'
[15.994s] Level 1:colcon.colcon_core.environment:checking '/home/bx-orin/cam_driver_ws/DEV/ros2_camera_driver/h264_camera_driver_ros2/install/fake_camera_driver/bin'
[15.994s] Level 1:colcon.colcon_core.environment:checking '/home/bx-orin/cam_driver_ws/DEV/ros2_camera_driver/h264_camera_driver_ros2/install/fake_camera_driver/lib/pkgconfig/fake_camera_driver.pc'
[15.994s] Level 1:colcon.colcon_core.environment:checking '/home/bx-orin/cam_driver_ws/DEV/ros2_camera_driver/h264_camera_driver_ros2/install/fake_camera_driver/lib/python3.10/site-packages'
[15.995s] Level 1:colcon.colcon_core.environment:checking '/home/bx-orin/cam_driver_ws/DEV/ros2_camera_driver/h264_camera_driver_ros2/install/fake_camera_driver/bin'
[15.996s] INFO:colcon.colcon_core.shell:Creating package script '/home/bx-orin/cam_driver_ws/DEV/ros2_camera_driver/h264_camera_driver_ros2/install/fake_camera_driver/share/fake_camera_driver/package.ps1'
[15.997s] INFO:colcon.colcon_core.shell:Creating package descriptor '/home/bx-orin/cam_driver_ws/DEV/ros2_camera_driver/h264_camera_driver_ros2/install/fake_camera_driver/share/fake_camera_driver/package.dsv'
[15.999s] INFO:colcon.colcon_core.shell:Creating package script '/home/bx-orin/cam_driver_ws/DEV/ros2_camera_driver/h264_camera_driver_ros2/install/fake_camera_driver/share/fake_camera_driver/package.sh'
[16.000s] INFO:colcon.colcon_core.shell:Creating package script '/home/bx-orin/cam_driver_ws/DEV/ros2_camera_driver/h264_camera_driver_ros2/install/fake_camera_driver/share/fake_camera_driver/package.bash'
[16.001s] INFO:colcon.colcon_core.shell:Creating package script '/home/bx-orin/cam_driver_ws/DEV/ros2_camera_driver/h264_camera_driver_ros2/install/fake_camera_driver/share/fake_camera_driver/package.zsh'
[16.002s] Level 1:colcon.colcon_core.environment:create_file_with_runtime_dependencies(/home/bx-orin/cam_driver_ws/DEV/ros2_camera_driver/h264_camera_driver_ros2/install/fake_camera_driver/share/colcon-core/packages/fake_camera_driver)
[16.003s] DEBUG:colcon.colcon_parallel_executor.executor.parallel:closing loop
[16.003s] DEBUG:colcon.colcon_parallel_executor.executor.parallel:loop closed
[16.003s] DEBUG:colcon.colcon_parallel_executor.executor.parallel:run_until_complete finished with '0'
[16.004s] DEBUG:colcon.colcon_core.event_reactor:joining thread
[16.024s] INFO:colcon.colcon_core.plugin_system:Skipping extension 'colcon_notification.desktop_notification.terminal_notifier': Not used on non-Darwin systems
[16.024s] INFO:colcon.colcon_core.plugin_system:Skipping extension 'colcon_notification.desktop_notification.win32': Not used on non-Windows systems
[16.025s] INFO:colcon.colcon_notification.desktop_notification:Sending desktop notification using 'notify2'
[16.073s] DEBUG:colcon.colcon_core.event_reactor:joined thread
[16.074s] INFO:colcon.colcon_core.shell:Creating prefix script '/home/bx-orin/cam_driver_ws/DEV/ros2_camera_driver/h264_camera_driver_ros2/install/local_setup.ps1'
[16.076s] INFO:colcon.colcon_core.shell:Creating prefix util module '/home/bx-orin/cam_driver_ws/DEV/ros2_camera_driver/h264_camera_driver_ros2/install/_local_setup_util_ps1.py'
[16.081s] INFO:colcon.colcon_core.shell:Creating prefix chain script '/home/bx-orin/cam_driver_ws/DEV/ros2_camera_driver/h264_camera_driver_ros2/install/setup.ps1'
[16.085s] INFO:colcon.colcon_core.shell:Creating prefix script '/home/bx-orin/cam_driver_ws/DEV/ros2_camera_driver/h264_camera_driver_ros2/install/local_setup.sh'
[16.086s] INFO:colcon.colcon_core.shell:Creating prefix util module '/home/bx-orin/cam_driver_ws/DEV/ros2_camera_driver/h264_camera_driver_ros2/install/_local_setup_util_sh.py'
[16.087s] INFO:colcon.colcon_core.shell:Creating prefix chain script '/home/bx-orin/cam_driver_ws/DEV/ros2_camera_driver/h264_camera_driver_ros2/install/setup.sh'
[16.089s] INFO:colcon.colcon_core.shell:Creating prefix script '/home/bx-orin/cam_driver_ws/DEV/ros2_camera_driver/h264_camera_driver_ros2/install/local_setup.bash'
[16.090s] INFO:colcon.colcon_core.shell:Creating prefix chain script '/home/bx-orin/cam_driver_ws/DEV/ros2_camera_driver/h264_camera_driver_ros2/install/setup.bash'
[16.092s] INFO:colcon.colcon_core.shell:Creating prefix script '/home/bx-orin/cam_driver_ws/DEV/ros2_camera_driver/h264_camera_driver_ros2/install/local_setup.zsh'
[16.093s] INFO:colcon.colcon_core.shell:Creating prefix chain script '/home/bx-orin/cam_driver_ws/DEV/ros2_camera_driver/h264_camera_driver_ros2/install/setup.zsh'
